<?xml version="1.0" encoding="UTF-8"?>
<!-- Generated by org.testng.reporters.JUnitReportReporter -->
<testsuite hostname="MACPK-WKS-0132" failures="0" tests="54" name="Master.OrdersExecution1" time="1586.192" errors="0" timestamp="11 Nov 2019 17:11:59 GMT" skipped="0">
  <testcase classname="Master.OrdersExecution1" name="LoginApp" time="26.900"/>
  <testcase classname="Master.OrdersExecution1" name="OrdersListing_SearchOrderField_PlaceholderVerification" time="3.765"/>
  <testcase classname="Master.OrdersExecution1" name="Settings_AutomaticSalesTaxChecked" time="7.690"/>
  <testcase classname="Master.OrdersExecution1" name="Percentage_square_in_Orders_SummaryWidget_ToolTip_TextVerification" time="9.207"/>
  <testcase classname="Master.OrdersExecution1" name="Percentage_circle_inOrdersSummary_Widget_ToolTip_TextVerification" time="6.816"/>
  <testcase classname="Master.OrdersExecution1" name="PayWith_ElectronicFundsOption_DropdownValueVerification" time="6.444"/>
  <testcase classname="Master.OrdersExecution1" name="ShipVia_LoomisGroundOption_DropdownValueVerifcation" time="0.501"/>
  <testcase classname="Master.OrdersExecution1" name="OrderSaving_WithoutSalesPerson_ValidationVerification" time="13.402"/>
  <testcase classname="Master.OrdersExecution1" name="UploadDSTFileOrders_Orderlevel" time="74.838"/>
  <testcase classname="Master.OrdersExecution1" name="UploadSVGFileOrders_Orderlevel" time="27.868"/>
  <testcase classname="Master.OrdersExecution1" name="InvalidFileUpload_ErrorMessageDisplayVerification" time="27.908"/>
  <testcase classname="Master.OrdersExecution1" name="Upload_AIExtensionFile" time="42.845"/>
  <testcase classname="Master.OrdersExecution1" name="CustomProducts_SupplierSelectionDropdown_Verification" time="4.422"/>
  <testcase classname="Master.OrdersExecution1" name="VerifyCogWheelNotExistsFor_CustomProductsVerification" time="48.522"/>
  <testcase classname="Master.OrdersExecution1" name="DeleteOrder_Orderlevel" time="6.928"/>
  <testcase classname="Master.OrdersExecution1" name="CustomerFacingDoc_CPN_Visible_EnableFromSettings" time="31.444"/>
  <testcase classname="Master.OrdersExecution1" name="CreateQuote_BillingAddress_Verification" time="30.258"/>
  <testcase classname="Master.OrdersExecution1" name="CreateQuote_ShippingAddress_Verification" time="0.276"/>
  <testcase classname="Master.OrdersExecution1" name="CreateQuote_AddingProductToQuote" time="7.154"/>
  <testcase classname="Master.OrdersExecution1" name="CreateQuote_Verification" time="68.338"/>
  <testcase classname="Master.OrdersExecution1" name="ShipAccountNo_Checkbox_Uncheck_ByDefaultVerification" time="0.150"/>
  <testcase classname="Master.OrdersExecution1" name="ShipAccountNotVisible_Visible_Checkbox_UncheckForAccountNo" time="99.791"/>
  <testcase classname="Master.OrdersExecution1" name="CPN_Number_QuoteDocPreview_Verification" time="2.273"/>
  <testcase classname="Master.OrdersExecution1" name="VendorNotes_DecoratorNotes_Visible_checkbox_SelectedAtProductLevel_QuotePreviewVerification" time="91.608"/>
  <testcase classname="Master.OrdersExecution1" name="ShipAccountNo_Visibility_QuoteDocumentVerification" time="30.534"/>
  <testcase classname="Master.OrdersExecution1" name="AccountNo_Visible_Checkbox_Selected_Verification_AtProductLevel" time="8.872"/>
  <testcase classname="Master.OrdersExecution1" name="Quote_Download" time="21.515"/>
  <testcase classname="Master.OrdersExecution1" name="CreateOrder_FromQuote_LinkedTransactionInvoice" time="72.156"/>
  <testcase classname="Master.OrdersExecution1" name="ShipAccountNo_Visibility_InvoiceDocumentVerification" time="11.665"/>
  <testcase classname="Master.OrdersExecution1" name="CPN_NumberVisibilityAtInvoiceDoc_Verification" time="0.253"/>
  <testcase classname="Master.OrdersExecution1" name="VendorNotes_DecoratorNotes_Visible_checkbox_SelectedAtProductLevel_InvoicePreviewVerification" time="3.189"/>
  <testcase classname="Master.OrdersExecution1" name="LinkedTransaction_Navigation_To_OrderScreen" time="10.051"/>
  <testcase classname="Master.OrdersExecution1" name="CreateOrder_Delete_Orderwith_Associated_Invoices" time="5.028"/>
  <testcase classname="Master.OrdersExecution1" name="ShipAccountNo_AcknowledgementDocumentVerification" time="33.233"/>
  <testcase classname="Master.OrdersExecution1" name="VendorNotes_DecoratorNotes_Visible_checkbox_SelectedAtProductLevel_AcknowledgementPreviewVerification" time="257.352"/>
  <testcase classname="Master.OrdersExecution1" name="CreateOrder_LinkedTransactions_Navigation_ToQuoteScreen" time="12.169"/>
  <testcase classname="Master.OrdersExecution1" name="Enterpaymentpartial" time="30.003"/>
  <testcase classname="Master.OrdersExecution1" name="DeleteInvoice_WithPaymentLeft" time="35.778"/>
  <testcase classname="Master.OrdersExecution1" name="Full_Payment_Verify" time="15.682"/>
  <testcase classname="Master.OrdersExecution1" name="Shipping_AddressEditing" time="28.496"/>
  <testcase classname="Master.OrdersExecution1" name="Partial_PaymentLink_Verification" time="39.939"/>
  <testcase classname="Master.OrdersExecution1" name="Reorder_Verification" time="42.824"/>
  <testcase classname="Master.OrdersExecution1" name="FieldsData_Verifications_AfterReorder" time="0.321"/>
  <testcase classname="Master.OrdersExecution1" name="New_InhandDate_AfterReorderVerification" time="163.304"/>
  <testcase classname="Master.OrdersExecution1" name="Linked_Transaction_ReOrder_Verifications" time="1.552"/>
  <testcase classname="Master.OrdersExecution1" name="InvoiceCreationBillingAddress" time="18.841"/>
  <testcase classname="Master.OrdersExecution1" name="CreateInvoiceShippingAddress_Verification" time="0.337"/>
  <testcase classname="Master.OrdersExecution1" name="Product_AddedTo_Invoice" time="12.473"/>
  <testcase classname="Master.OrdersExecution1" name="CreateInvoice" time="58.696"/>
  <testcase classname="Master.OrdersExecution1" name="CreateOrder_BillingAddressVerification" time="28.712"/>
  <testcase classname="Master.OrdersExecution1" name="CreateOrder_ShippingAddressVerification" time="0.319"/>
  <testcase classname="Master.OrdersExecution1" name="CreateOrder_AcknowlodgementAddressVerification" time="0.240"/>
  <testcase classname="Master.OrdersExecution1" name="Net25_Net45_Net90_50PercentAdvance_50PercentUponCompletion_Net75_Terms_DropdownValuesVerification" time="0.962"/>
  <testcase classname="Master.OrdersExecution1" name="FedExOvernight_FedExFLEXExpress_ShipVia_DropdownValuesVerification" time="2.348"/>
</testsuite> <!-- Master.OrdersExecution1 -->
