<?xml version="1.0" encoding="UTF-8"?>
<!-- Generated by org.testng.reporters.JUnitReportReporter -->
<testsuite hostname="MACPK-WKS-0132" failures="0" tests="88" name="Master.CRMExecution" time="37.519" errors="1" timestamp="25 Feb 2020 17:32:20 GMT" skipped="87">
  <testcase classname="Master.CRMExecution" name="LoginIdaho" time="0.000">
    <skipped/>
  </testcase> <!-- LoginIdaho -->
  <testcase classname="Master.CRMExecution" name="Startup" time="37.519">
    <error message="no such element: Unable to locate element: {&quot;method&quot;:&quot;css selector&quot;,&quot;selector&quot;:&quot;div[id=leftContent]&gt;h1&quot;}
  (Session info: chrome=80.0.3987.122)
For documentation on this error, please visit: http://seleniumhq.org/exceptions/no_such_element.html
Build info: version: &#039;3.6.0&#039;, revision: &#039;6fbf3ec767&#039;, time: &#039;2017-09-27T15:28:36.4Z&#039;
System info: host: &#039;MACPK-WKS-0132&#039;, ip: &#039;192.168.21.1&#039;, os.name: &#039;Windows 10&#039;, os.arch: &#039;amd64&#039;, os.version: &#039;10.0&#039;, java.version: &#039;12.0.2&#039;
Driver info: org.openqa.selenium.chrome.ChromeDriver
Capabilities [{networkConnectionEnabled=false, chrome={chromedriverVersion=80.0.3987.106 (f68069574609230cf9b635cd784cfb1bf81bb53a-refs/branch-heads/3987@{#882}), userDataDir=C:\Users\MUHAMM~1.IFT\AppData\Local\Temp\scoped_dir10528_1108274315}, timeouts={implicit=0, pageLoad=300000, script=30000}, pageLoadStrategy=normal, unhandledPromptBehavior=dismiss and notify, strictFileInteractability=false, platform=WINDOWS, proxy=Proxy(), goog:chromeOptions={debuggerAddress=localhost:53629}, acceptInsecureCerts=false, browserVersion=80.0.3987.122, browserName=chrome, javascriptEnabled=true, platformName=WINDOWS, setWindowRect=true}]
Session ID: 5e87e305b1d967141ddd46dc387fc835
*** Element info: {Using=css selector, value=div[id=leftContent]&gt;h1}" type="org.openqa.selenium.NoSuchElementException">
      <![CDATA[org.openqa.selenium.NoSuchElementException: no such element: Unable to locate element: {"method":"css selector","selector":"div[id=leftContent]>h1"}
  (Session info: chrome=80.0.3987.122)
For documentation on this error, please visit: http://seleniumhq.org/exceptions/no_such_element.html
Build info: version: '3.6.0', revision: '6fbf3ec767', time: '2017-09-27T15:28:36.4Z'
System info: host: 'MACPK-WKS-0132', ip: '192.168.21.1', os.name: 'Windows 10', os.arch: 'amd64', os.version: '10.0', java.version: '12.0.2'
Driver info: org.openqa.selenium.chrome.ChromeDriver
Capabilities [{networkConnectionEnabled=false, chrome={chromedriverVersion=80.0.3987.106 (f68069574609230cf9b635cd784cfb1bf81bb53a-refs/branch-heads/3987@{#882}), userDataDir=C:\Users\MUHAMM~1.IFT\AppData\Local\Temp\scoped_dir10528_1108274315}, timeouts={implicit=0, pageLoad=300000, script=30000}, pageLoadStrategy=normal, unhandledPromptBehavior=dismiss and notify, strictFileInteractability=false, platform=WINDOWS, proxy=Proxy(), goog:chromeOptions={debuggerAddress=localhost:53629}, acceptInsecureCerts=false, browserVersion=80.0.3987.122, browserName=chrome, javascriptEnabled=true, platformName=WINDOWS, setWindowRect=true}]
Session ID: 5e87e305b1d967141ddd46dc387fc835
*** Element info: {Using=css selector, value=div[id=leftContent]>h1}
at java.base/jdk.internal.reflect.NativeConstructorAccessorImpl.newInstance0(Native Method)
at java.base/jdk.internal.reflect.NativeConstructorAccessorImpl.newInstance(NativeConstructorAccessorImpl.java:62)
at java.base/jdk.internal.reflect.DelegatingConstructorAccessorImpl.newInstance(DelegatingConstructorAccessorImpl.java:45)
at java.base/java.lang.reflect.Constructor.newInstanceWithCaller(Constructor.java:500)
at java.base/java.lang.reflect.Constructor.newInstance(Constructor.java:481)
at org.openqa.selenium.remote.http.W3CHttpResponseCodec.createException(W3CHttpResponseCodec.java:185)
at org.openqa.selenium.remote.http.W3CHttpResponseCodec.decode(W3CHttpResponseCodec.java:120)
at org.openqa.selenium.remote.http.W3CHttpResponseCodec.decode(W3CHttpResponseCodec.java:49)
at org.openqa.selenium.remote.HttpCommandExecutor.execute(HttpCommandExecutor.java:164)
at org.openqa.selenium.remote.service.DriverCommandExecutor.execute(DriverCommandExecutor.java:83)
at org.openqa.selenium.remote.RemoteWebDriver.execute(RemoteWebDriver.java:586)
at org.openqa.selenium.remote.RemoteWebElement.execute(RemoteWebElement.java:279)
at org.openqa.selenium.remote.RemoteWebElement.findElement(RemoteWebElement.java:179)
at org.openqa.selenium.remote.RemoteWebElement.findElementByCssSelector(RemoteWebElement.java:247)
at org.openqa.selenium.By$ByCssSelector.findElement(By.java:430)
at org.openqa.selenium.remote.RemoteWebElement.findElement(RemoteWebElement.java:175)
at Master.CRMExecution.Startup(CRMExecution.java:70)
at java.base/jdk.internal.reflect.NativeMethodAccessorImpl.invoke0(Native Method)
at java.base/jdk.internal.reflect.NativeMethodAccessorImpl.invoke(NativeMethodAccessorImpl.java:62)
at java.base/jdk.internal.reflect.DelegatingMethodAccessorImpl.invoke(DelegatingMethodAccessorImpl.java:43)
at java.base/java.lang.reflect.Method.invoke(Method.java:567)
at org.testng.internal.MethodInvocationHelper.invokeMethod(MethodInvocationHelper.java:124)
at org.testng.internal.MethodInvocationHelper.invokeMethodConsideringTimeout(MethodInvocationHelper.java:59)
at org.testng.internal.Invoker.invokeConfigurationMethod(Invoker.java:458)
at org.testng.internal.Invoker.invokeConfigurations(Invoker.java:222)
at org.testng.internal.Invoker.invokeConfigurations(Invoker.java:142)
at org.testng.TestRunner.beforeRun(TestRunner.java:529)
at org.testng.TestRunner.run(TestRunner.java:497)
at org.testng.SuiteRunner.runTest(SuiteRunner.java:455)
at org.testng.SuiteRunner.runSequentially(SuiteRunner.java:450)
at org.testng.SuiteRunner.privateRun(SuiteRunner.java:415)
at org.testng.SuiteRunner.run(SuiteRunner.java:364)
at org.testng.SuiteRunnerWorker.runSuite(SuiteRunnerWorker.java:52)
at org.testng.SuiteRunnerWorker.run(SuiteRunnerWorker.java:84)
at org.testng.TestNG.runSuitesSequentially(TestNG.java:1208)
at org.testng.TestNG.runSuitesLocally(TestNG.java:1137)
at org.testng.TestNG.runSuites(TestNG.java:1049)
at org.testng.TestNG.run(TestNG.java:1017)
at org.testng.remote.AbstractRemoteTestNG.run(AbstractRemoteTestNG.java:115)
at org.testng.remote.RemoteTestNG.initAndRun(RemoteTestNG.java:251)
at org.testng.remote.RemoteTestNG.main(RemoteTestNG.java:77)
]]>
    </error>
  </testcase> <!-- Startup -->
  <testcase classname="Master.CRMExecution" name="VerifyOrdersDomain" time="0.000">
    <skipped/>
  </testcase> <!-- VerifyOrdersDomain -->
  <testcase classname="Master.CRMExecution" name="ValidatingCompanyRequiredField" time="0.000">
    <skipped/>
  </testcase> <!-- ValidatingCompanyRequiredField -->
  <testcase classname="Master.CRMExecution" name="VerifyStateDDwrtCountry" time="0.000">
    <skipped/>
  </testcase> <!-- VerifyStateDDwrtCountry -->
  <testcase classname="Master.CRMExecution" name="CreateCustomerCompany" time="0.000">
    <skipped/>
  </testcase> <!-- CreateCustomerCompany -->
  <testcase classname="Master.CRMExecution" name="CreateContactUnderCompany" time="0.000">
    <skipped/>
  </testcase> <!-- CreateContactUnderCompany -->
  <testcase classname="Master.CRMExecution" name="VerifyPrimaryEmailInOrder" time="0.000">
    <skipped/>
  </testcase> <!-- VerifyPrimaryEmailInOrder -->
  <testcase classname="Master.CRMExecution" name="DeleteCustomerCompany" time="0.000">
    <skipped/>
  </testcase> <!-- DeleteCustomerCompany -->
  <testcase classname="Master.CRMExecution" name="CreateSupplierCompany" time="0.000">
    <skipped/>
  </testcase> <!-- CreateSupplierCompany -->
  <testcase classname="Master.CRMExecution" name="DeleteSupplierCompany" time="0.000">
    <skipped/>
  </testcase> <!-- DeleteSupplierCompany -->
  <testcase classname="Master.CRMExecution" name="CreateDecoratorCompany" time="0.000">
    <skipped/>
  </testcase> <!-- CreateDecoratorCompany -->
  <testcase classname="Master.CRMExecution" name="DeleteDecoraorCompany" time="0.000">
    <skipped/>
  </testcase> <!-- DeleteDecoraorCompany -->
  <testcase classname="Master.CRMExecution" name="CreateProspectCompany" time="0.000">
    <skipped/>
  </testcase> <!-- CreateProspectCompany -->
  <testcase classname="Master.CRMExecution" name="DeleteProspectCompany" time="0.000">
    <skipped/>
  </testcase> <!-- DeleteProspectCompany -->
  <testcase classname="Master.CRMExecution" name="CreateCompany" time="0.000">
    <skipped/>
  </testcase> <!-- CreateCompany -->
  <testcase classname="Master.CRMExecution" name="VerifyBillingInfoInOrder" time="0.000">
    <skipped/>
  </testcase> <!-- VerifyBillingInfoInOrder -->
  <testcase classname="Master.CRMExecution" name="VerifyRecordOwn" time="0.000">
    <skipped/>
  </testcase> <!-- VerifyRecordOwn -->
  <testcase classname="Master.CRMExecution" name="VerifyCompanyDefaultVisibility" time="0.000">
    <skipped/>
  </testcase> <!-- VerifyCompanyDefaultVisibility -->
  <testcase classname="Master.CRMExecution" name="CompanyUpdatedVisibility" time="0.000">
    <skipped/>
  </testcase> <!-- CompanyUpdatedVisibility -->
  <testcase classname="Master.CRMExecution" name="VerifyCompanyDetails" time="0.000">
    <skipped/>
  </testcase> <!-- VerifyCompanyDetails -->
  <testcase classname="Master.CRMExecution" name="AddCompanyAddress" time="0.000">
    <skipped/>
  </testcase> <!-- AddCompanyAddress -->
  <testcase classname="Master.CRMExecution" name="AddCompanyNote" time="0.000">
    <skipped/>
  </testcase> <!-- AddCompanyNote -->
  <testcase classname="Master.CRMExecution" name="EditCompanyNote" time="0.000">
    <skipped/>
  </testcase> <!-- EditCompanyNote -->
  <testcase classname="Master.CRMExecution" name="DeleteCompanyNote" time="0.000">
    <skipped/>
  </testcase> <!-- DeleteCompanyNote -->
  <testcase classname="Master.CRMExecution" name="AddTaskUnderCompany" time="0.000">
    <skipped/>
  </testcase> <!-- AddTaskUnderCompany -->
  <testcase classname="Master.CRMExecution" name="CompanyTaskDisplayingInAppointmentinAllViews" time="0.000">
    <skipped/>
  </testcase> <!-- CompanyTaskDisplayingInAppointmentinAllViews -->
  <testcase classname="Master.CRMExecution" name="EditTaskUnderCompany" time="0.000">
    <skipped/>
  </testcase> <!-- EditTaskUnderCompany -->
  <testcase classname="Master.CRMExecution" name="CompleteTaskUnderCompany" time="0.000">
    <skipped/>
  </testcase> <!-- CompleteTaskUnderCompany -->
  <testcase classname="Master.CRMExecution" name="DeleteTaskUnderCompany" time="0.000">
    <skipped/>
  </testcase> <!-- DeleteTaskUnderCompany -->
  <testcase classname="Master.CRMExecution" name="VerifyCompletedDataAndCompleteBy" time="0.000">
    <skipped/>
  </testcase> <!-- VerifyCompletedDataAndCompleteBy -->
  <testcase classname="Master.CRMExecution" name="AddContactUnderCompany" time="0.000">
    <skipped/>
  </testcase> <!-- AddContactUnderCompany -->
  <testcase classname="Master.CRMExecution" name="ContactRecordOwner" time="0.000">
    <skipped/>
  </testcase> <!-- ContactRecordOwner -->
  <testcase classname="Master.CRMExecution" name="CompanyContactRShipVerificaton" time="0.000">
    <skipped/>
  </testcase> <!-- CompanyContactRShipVerificaton -->
  <testcase classname="Master.CRMExecution" name="ContactDefaultVisibility" time="0.000">
    <skipped/>
  </testcase> <!-- ContactDefaultVisibility -->
  <testcase classname="Master.CRMExecution" name="ContactUpdatedVisibility" time="0.000">
    <skipped/>
  </testcase> <!-- ContactUpdatedVisibility -->
  <testcase classname="Master.CRMExecution" name="AddContactAddress" time="0.000">
    <skipped/>
  </testcase> <!-- AddContactAddress -->
  <testcase classname="Master.CRMExecution" name="AddContactNotes" time="0.000">
    <skipped/>
  </testcase> <!-- AddContactNotes -->
  <testcase classname="Master.CRMExecution" name="EditNoteContent" time="0.000">
    <skipped/>
  </testcase> <!-- EditNoteContent -->
  <testcase classname="Master.CRMExecution" name="DeleteContactNote" time="0.000">
    <skipped/>
  </testcase> <!-- DeleteContactNote -->
  <testcase classname="Master.CRMExecution" name="AddTaskUnderContact" time="0.000">
    <skipped/>
  </testcase> <!-- AddTaskUnderContact -->
  <testcase classname="Master.CRMExecution" name="ContactTaskDisplayingInAppointmentinAllViews" time="0.000">
    <skipped/>
  </testcase> <!-- ContactTaskDisplayingInAppointmentinAllViews -->
  <testcase classname="Master.CRMExecution" name="EditTaskUnderContact" time="0.000">
    <skipped/>
  </testcase> <!-- EditTaskUnderContact -->
  <testcase classname="Master.CRMExecution" name="CompleteTaskUnderContact" time="0.000">
    <skipped/>
  </testcase> <!-- CompleteTaskUnderContact -->
  <testcase classname="Master.CRMExecution" name="DeleteTaskUnderContact" time="0.000">
    <skipped/>
  </testcase> <!-- DeleteTaskUnderContact -->
  <testcase classname="Master.CRMExecution" name="SearchCreatedCompany" time="0.000">
    <skipped/>
  </testcase> <!-- SearchCreatedCompany -->
  <testcase classname="Master.CRMExecution" name="SearchCreatedContact" time="0.000">
    <skipped/>
  </testcase> <!-- SearchCreatedContact -->
  <testcase classname="Master.CRMExecution" name="ExemptTaxFromCompany" time="0.000">
    <skipped/>
  </testcase> <!-- ExemptTaxFromCompany -->
  <testcase classname="Master.CRMExecution" name="CreateOrderAndVerifyTaxNotCalculating" time="0.000">
    <skipped/>
  </testcase> <!-- CreateOrderAndVerifyTaxNotCalculating -->
  <testcase classname="Master.CRMExecution" name="DeleteCompanywithOrder" time="0.000">
    <skipped/>
  </testcase> <!-- DeleteCompanywithOrder -->
  <testcase classname="Master.CRMExecution" name="InactiveCompAndVerifyNotShowingIn_ActiveFilter" time="0.000">
    <skipped/>
  </testcase> <!-- InactiveCompAndVerifyNotShowingIn_ActiveFilter -->
  <testcase classname="Master.CRMExecution" name="InactiveContAndVerifyNotShowingIn_ActiveFilter" time="0.000">
    <skipped/>
  </testcase> <!-- InactiveContAndVerifyNotShowingIn_ActiveFilter -->
  <testcase classname="Master.CRMExecution" name="CreateContactFromMain" time="0.000">
    <skipped/>
  </testcase> <!-- CreateContactFromMain -->
  <testcase classname="Master.CRMExecution" name="CreateNoteFromMain" time="0.000">
    <skipped/>
  </testcase> <!-- CreateNoteFromMain -->
  <testcase classname="Master.CRMExecution" name="CreateTaskFromMainByAddingNotesAndAssigningIttoTeam" time="0.000">
    <skipped/>
  </testcase> <!-- CreateTaskFromMainByAddingNotesAndAssigningIttoTeam -->
  <testcase classname="Master.CRMExecution" name="ViewTaskBasesOnCategory" time="0.000">
    <skipped/>
  </testcase> <!-- ViewTaskBasesOnCategory -->
  <testcase classname="Master.CRMExecution" name="VerifyCompanyFilter" time="0.000">
    <skipped/>
  </testcase> <!-- VerifyCompanyFilter -->
  <testcase classname="Master.CRMExecution" name="VerifyContactFilter" time="0.000">
    <skipped/>
  </testcase> <!-- VerifyContactFilter -->
  <testcase classname="Master.CRMExecution" name="CreateAndDeleteComp" time="0.000">
    <skipped/>
  </testcase> <!-- CreateAndDeleteComp -->
  <testcase classname="Master.CRMExecution" name="AddContactInCompany" time="0.000">
    <skipped/>
  </testcase> <!-- AddContactInCompany -->
  <testcase classname="Master.CRMExecution" name="ChangeCompaniesRecordOwnerFromDashBoard" time="0.000">
    <skipped/>
  </testcase> <!-- ChangeCompaniesRecordOwnerFromDashBoard -->
  <testcase classname="Master.CRMExecution" name="ChangeCompaniesVisibilityFromDashBoard" time="0.000">
    <skipped/>
  </testcase> <!-- ChangeCompaniesVisibilityFromDashBoard -->
  <testcase classname="Master.CRMExecution" name="InactiveCompanyFromDashBoard" time="0.000">
    <skipped/>
  </testcase> <!-- InactiveCompanyFromDashBoard -->
  <testcase classname="Master.CRMExecution" name="DeleteInactiveCompany" time="0.000">
    <skipped/>
  </testcase> <!-- DeleteInactiveCompany -->
  <testcase classname="Master.CRMExecution" name="AddAddressUnderSettings" time="0.000">
    <skipped/>
  </testcase> <!-- AddAddressUnderSettings -->
  <testcase classname="Master.CRMExecution" name="DeleteAddressUnderSettings" time="0.000">
    <skipped/>
  </testcase> <!-- DeleteAddressUnderSettings -->
  <testcase classname="Master.CRMExecution" name="CreateRelationship" time="0.000">
    <skipped/>
  </testcase> <!-- CreateRelationship -->
  <testcase classname="Master.CRMExecution" name="DeleteRelationship" time="0.000">
    <skipped/>
  </testcase> <!-- DeleteRelationship -->
  <testcase classname="Master.CRMExecution" name="CreateTeam" time="0.000">
    <skipped/>
  </testcase> <!-- CreateTeam -->
  <testcase classname="Master.CRMExecution" name="DeleteTeam" time="0.000">
    <skipped/>
  </testcase> <!-- DeleteTeam -->
  <testcase classname="Master.CRMExecution" name="CreateRelationshipBtCompAndContact" time="0.000">
    <skipped/>
  </testcase> <!-- CreateRelationshipBtCompAndContact -->
  <testcase classname="Master.CRMExecution" name="ExportCompanyCSV" time="0.000">
    <skipped/>
  </testcase> <!-- ExportCompanyCSV -->
  <testcase classname="Master.CRMExecution" name="ExportCompanyQB" time="0.000">
    <skipped/>
  </testcase> <!-- ExportCompanyQB -->
  <testcase classname="Master.CRMExecution" name="ExportContactCSV" time="0.000">
    <skipped/>
  </testcase> <!-- ExportContactCSV -->
  <testcase classname="Master.CRMExecution" name="ExportoVcard" time="0.000">
    <skipped/>
  </testcase> <!-- ExportoVcard -->
  <testcase classname="Master.CRMExecution" name="AddTaskatAppointmentPage" time="0.000">
    <skipped/>
  </testcase> <!-- AddTaskatAppointmentPage -->
  <testcase classname="Master.CRMExecution" name="MoveEmailToSpam" time="0.000">
    <skipped/>
  </testcase> <!-- MoveEmailToSpam -->
  <testcase classname="Master.CRMExecution" name="DeleteEmailFromAllEmail" time="0.000">
    <skipped/>
  </testcase> <!-- DeleteEmailFromAllEmail -->
  <testcase classname="Master.CRMExecution" name="MoveEmailToSpamFromDetailPage" time="0.000">
    <skipped/>
  </testcase> <!-- MoveEmailToSpamFromDetailPage -->
  <testcase classname="Master.CRMExecution" name="DeleteEmailFromEmailDetailPage" time="0.000">
    <skipped/>
  </testcase> <!-- DeleteEmailFromEmailDetailPage -->
  <testcase classname="Master.CRMExecution" name="MoveEmailToNotSpam" time="0.000">
    <skipped/>
  </testcase> <!-- MoveEmailToNotSpam -->
  <testcase classname="Master.CRMExecution" name="DeleteEmailFromSpam" time="0.000">
    <skipped/>
  </testcase> <!-- DeleteEmailFromSpam -->
  <testcase classname="Master.CRMExecution" name="CreateDefaultTask" time="0.000">
    <skipped/>
  </testcase> <!-- CreateDefaultTask -->
  <testcase classname="Master.CRMExecution" name="VerifyDefaultTask" time="0.000">
    <skipped/>
  </testcase> <!-- VerifyDefaultTask -->
  <testcase classname="Master.CRMExecution" name="DeleteDefaultTask" time="0.000">
    <skipped/>
  </testcase> <!-- DeleteDefaultTask -->
  <testcase classname="Master.CRMExecution" name="CreateContactWhileCreatingOrder" time="0.000">
    <skipped/>
  </testcase> <!-- CreateContactWhileCreatingOrder -->
  <testcase classname="Master.CRMExecution" name="CustomizeOrderNo" time="0.000">
    <skipped/>
  </testcase> <!-- CustomizeOrderNo -->
  <testcase classname="Master.CRMExecution" name="VerifyCompanyContactIconAndAddress" time="0.000">
    <skipped/>
  </testcase> <!-- VerifyCompanyContactIconAndAddress -->
</testsuite> <!-- Master.CRMExecution -->
