<?xml version="1.0" encoding="UTF-8"?>
<!-- Generated by org.testng.reporters.JUnitReportReporter -->
<testsuite hostname="MACPK-WKS-0132" failures="0" tests="2" name="Master.CRMExecution" time="14.423" errors="0" timestamp="12 Dec 2019 13:59:24 GMT" skipped="0">
  <testcase classname="Master.CRMExecution" name="LoginIdaho" time="10.383"/>
  <testcase classname="Master.CRMExecution" name="VerifyOrdersDomain" time="4.040"/>
</testsuite> <!-- Master.CRMExecution -->
