<?xml version="1.0" encoding="UTF-8"?>
<!-- Generated by org.testng.reporters.JUnitReportReporter -->
<testsuite hostname="MACPK-WKS-0132" failures="0" tests="5" name="Master.CRMExecution" time="108.851" errors="0" timestamp="17 Jan 2020 17:28:24 GMT" skipped="0">
  <testcase classname="Master.CRMExecution" name="LoginIdaho" time="12.287"/>
  <testcase classname="Master.CRMExecution" name="VerifyOrdersDomain" time="3.936"/>
  <testcase classname="Master.CRMExecution" name="ValidatingCompanyRequiredField" time="28.208"/>
  <testcase classname="Master.CRMExecution" name="VerifyStateDDwrtCountry" time="13.355"/>
  <testcase classname="Master.CRMExecution" name="CreateCustomerCompany" time="51.065"/>
</testsuite> <!-- Master.CRMExecution -->
