<?xml version="1.0" encoding="UTF-8"?>
<!-- Generated by org.testng.reporters.JUnitReportReporter -->
<testsuite hostname="MACPK-WKS-0132" failures="0" tests="2" name="Master.OrdersExecution1" time="76.327" errors="0" timestamp="17 Jan 2020 17:28:24 GMT" skipped="0">
  <testcase classname="Master.OrdersExecution1" name="LoginApp" time="67.808"/>
  <testcase classname="Master.OrdersExecution1" name="OrdersListing_SearchOrderField_PlaceholderVerification" time="8.519"/>
</testsuite> <!-- Master.OrdersExecution1 -->
